{
  "stats": {
    "suites": 3,
    "tests": 3,
    "passes": 3,
    "pending": 0,
    "failures": 0,
    "start": "2022-04-12T08:27:08.456Z",
    "end": "2022-04-12T08:27:27.731Z",
    "duration": 4707,
    "testsRegistered": 3,
    "passPercent": 100,
    "pendingPercent": 0,
    "other": 0,
    "hasOther": false,
    "skipped": 0,
    "hasSkipped": false
  },
  "results": [
    {
      "uuid": "b2d2e184-7f50-4dc3-9d6c-93ed449d7380",
      "title": "",
      "fullFile": "cypress/integration/googleBooksPassingTest.spec.js",
      "file": "cypress/integration/googleBooksPassingTest.spec.js",
      "beforeHooks": [],
      "afterHooks": [],
      "tests": [],
      "suites": [
        {
          "uuid": "df7e12db-d8b3-499a-817c-17a5e56703b5",
          "title": "Passing test for access to a book",
          "fullFile": "",
          "file": "",
          "beforeHooks": [],
          "afterHooks": [],
          "tests": [
            {
              "title": "should return a book with corresponding ID",
              "fullTitle": "Passing test for access to a book should return a book with corresponding ID",
              "timedOut": null,
              "duration": 986,
              "state": "passed",
              "speed": "fast",
              "pass": true,
              "fail": false,
              "pending": false,
              "context": null,
              "code": "cy.GetBook('TWKQPwAACAAJ').as('response');\ncy.get('@response').should(resp => {\n  expect(resp.status).to.eql(200);\n  expect(resp.body).to.not.be.null;\n  expect(resp.body.id).to.eql(\"TWKQPwAACAAJ\");\n  expect(resp.body.volumeInfo.title).to.eql(\"Fondation\");\n  expect(resp.body.volumeInfo.authors[0]).to.eql(\"Isaac Asimov\");\n});",
              "err": {},
              "uuid": "59d46820-5471-4e84-b026-5c5f8a9c3032",
              "parentUUID": "df7e12db-d8b3-499a-817c-17a5e56703b5",
              "isHook": false,
              "skipped": false
            }
          ],
          "suites": [],
          "passes": [
            "59d46820-5471-4e84-b026-5c5f8a9c3032"
          ],
          "failures": [],
          "pending": [],
          "skipped": [],
          "duration": 986,
          "root": false,
          "rootEmpty": false,
          "_timeout": 2000
        }
      ],
      "passes": [],
      "failures": [],
      "pending": [],
      "skipped": [],
      "duration": 0,
      "root": true,
      "rootEmpty": true,
      "_timeout": 2000
    },
    {
      "uuid": "fd9706fc-b3e0-4b39-901d-9b96aac28d01",
      "title": "",
      "fullFile": "cypress/integration/tastedive_api.spec.js",
      "file": "cypress/integration/tastedive_api.spec.js",
      "beforeHooks": [],
      "afterHooks": [],
      "tests": [],
      "suites": [
        {
          "uuid": "aa03f1cb-efcc-4671-ac04-4ca87532bef7",
          "title": "Test de l'api tastedive",
          "fullFile": "",
          "file": "",
          "beforeHooks": [],
          "afterHooks": [],
          "tests": [
            {
              "title": "Calls the API TasteDive",
              "fullTitle": "Test de l'api tastedive Calls the API TasteDive",
              "timedOut": null,
              "duration": 2717,
              "state": "passed",
              "speed": "fast",
              "pass": true,
              "fail": false,
              "pending": false,
              "context": null,
              "code": "cy.TasteDive(query).as('response');\ncy.get('@response').should(response => {\n  const resp = response.body.Similar;\n  let info = resp.Info[0];\n  let results = resp.Results;\n  expect(info.Name.toLowerCase()).to.eql(query.name);\n  expect(info.Type).to.eql(query.type);\n  for (let i = 0; i < results.length; i++) {\n    expect(results[i].Type).to.eql(query.type);\n  }\n});",
              "err": {},
              "uuid": "5fac6440-502b-4b17-9612-8157cf15d2bf",
              "parentUUID": "aa03f1cb-efcc-4671-ac04-4ca87532bef7",
              "isHook": false,
              "skipped": false
            }
          ],
          "suites": [],
          "passes": [
            "5fac6440-502b-4b17-9612-8157cf15d2bf"
          ],
          "failures": [],
          "pending": [],
          "skipped": [],
          "duration": 2717,
          "root": false,
          "rootEmpty": false,
          "_timeout": 2000
        }
      ],
      "passes": [],
      "failures": [],
      "pending": [],
      "skipped": [],
      "duration": 0,
      "root": true,
      "rootEmpty": true,
      "_timeout": 2000
    },
    {
      "uuid": "710411ac-441a-40ef-a3ca-6aa4e0823af7",
      "title": "",
      "fullFile": "cypress/integration/googleBooksFailngTest.spec.js",
      "file": "cypress/integration/googleBooksFailngTest.spec.js",
      "beforeHooks": [],
      "afterHooks": [],
      "tests": [],
      "suites": [
        {
          "uuid": "918cceaf-4be4-44b0-8c93-8614ac35de46",
          "title": "Failed book access test",
          "fullFile": "",
          "file": "",
          "beforeHooks": [],
          "afterHooks": [],
          "tests": [
            {
              "title": "should return a 503 error",
              "fullTitle": "Failed book access test should return a 503 error",
              "timedOut": null,
              "duration": 1004,
              "state": "passed",
              "speed": "fast",
              "pass": true,
              "fail": false,
              "pending": false,
              "context": null,
              "code": "cy.GetBook('badID').as('response');\ncy.get('@response').should(resp => {\n  expect(resp.status).to.eql(503);\n});",
              "err": {},
              "uuid": "a8d2a4a8-51ed-40d9-b5f7-4d8da21cc6af",
              "parentUUID": "918cceaf-4be4-44b0-8c93-8614ac35de46",
              "isHook": false,
              "skipped": false
            }
          ],
          "suites": [],
          "passes": [
            "a8d2a4a8-51ed-40d9-b5f7-4d8da21cc6af"
          ],
          "failures": [],
          "pending": [],
          "skipped": [],
          "duration": 1004,
          "root": false,
          "rootEmpty": false,
          "_timeout": 2000
        }
      ],
      "passes": [],
      "failures": [],
      "pending": [],
      "skipped": [],
      "duration": 0,
      "root": true,
      "rootEmpty": true,
      "_timeout": 2000
    }
  ],
  "meta": {
    "mocha": {
      "version": "7.0.1"
    },
    "mochawesome": {
      "options": {
        "quiet": false,
        "reportFilename": "mochawesome",
        "saveHtml": false,
        "saveJson": true,
        "consoleReporter": "spec",
        "useInlineDiffs": false,
        "code": true
      },
      "version": "7.1.3"
    },
    "marge": {
      "options": {
        "reportDir": "cypress/results",
        "overwrite": false,
        "html": false,
        "json": true
      },
      "version": "6.2.0"
    }
  }
}