{
  "stats": {
    "suites": 1,
    "tests": 1,
    "passes": 1,
    "pending": 0,
    "failures": 0,
    "start": "2022-04-12T08:27:08.456Z",
    "end": "2022-04-12T08:27:09.619Z",
    "duration": 1163,
    "testsRegistered": 1,
    "passPercent": 100,
    "pendingPercent": 0,
    "other": 0,
    "hasOther": false,
    "skipped": 0,
    "hasSkipped": false
  },
  "results": [
    {
      "uuid": "710411ac-441a-40ef-a3ca-6aa4e0823af7",
      "title": "",
      "fullFile": "cypress/integration/googleBooksFailngTest.spec.js",
      "file": "cypress/integration/googleBooksFailngTest.spec.js",
      "beforeHooks": [],
      "afterHooks": [],
      "tests": [],
      "suites": [
        {
          "uuid": "918cceaf-4be4-44b0-8c93-8614ac35de46",
          "title": "Failed book access test",
          "fullFile": "",
          "file": "",
          "beforeHooks": [],
          "afterHooks": [],
          "tests": [
            {
              "title": "should return a 503 error",
              "fullTitle": "Failed book access test should return a 503 error",
              "timedOut": null,
              "duration": 1004,
              "state": "passed",
              "speed": "fast",
              "pass": true,
              "fail": false,
              "pending": false,
              "context": null,
              "code": "cy.GetBook('badID').as('response');\ncy.get('@response').should(resp => {\n  expect(resp.status).to.eql(503);\n});",
              "err": {},
              "uuid": "a8d2a4a8-51ed-40d9-b5f7-4d8da21cc6af",
              "parentUUID": "918cceaf-4be4-44b0-8c93-8614ac35de46",
              "isHook": false,
              "skipped": false
            }
          ],
          "suites": [],
          "passes": [
            "a8d2a4a8-51ed-40d9-b5f7-4d8da21cc6af"
          ],
          "failures": [],
          "pending": [],
          "skipped": [],
          "duration": 1004,
          "root": false,
          "rootEmpty": false,
          "_timeout": 2000
        }
      ],
      "passes": [],
      "failures": [],
      "pending": [],
      "skipped": [],
      "duration": 0,
      "root": true,
      "rootEmpty": true,
      "_timeout": 2000
    }
  ],
  "meta": {
    "mocha": {
      "version": "7.0.1"
    },
    "mochawesome": {
      "options": {
        "quiet": false,
        "reportFilename": "mochawesome",
        "saveHtml": false,
        "saveJson": true,
        "consoleReporter": "spec",
        "useInlineDiffs": false,
        "code": true
      },
      "version": "7.1.3"
    },
    "marge": {
      "options": {
        "reportDir": "cypress/results",
        "overwrite": false,
        "html": false,
        "json": true
      },
      "version": "6.2.0"
    }
  }
}