{
  "stats": {
    "suites": 1,
    "tests": 1,
    "passes": 1,
    "pending": 0,
    "failures": 0,
    "start": "2022-04-12T08:27:24.349Z",
    "end": "2022-04-12T08:27:27.731Z",
    "duration": 3382,
    "testsRegistered": 1,
    "passPercent": 100,
    "pendingPercent": 0,
    "other": 0,
    "hasOther": false,
    "skipped": 0,
    "hasSkipped": false
  },
  "results": [
    {
      "uuid": "fd9706fc-b3e0-4b39-901d-9b96aac28d01",
      "title": "",
      "fullFile": "cypress/integration/tastedive_api.spec.js",
      "file": "cypress/integration/tastedive_api.spec.js",
      "beforeHooks": [],
      "afterHooks": [],
      "tests": [],
      "suites": [
        {
          "uuid": "aa03f1cb-efcc-4671-ac04-4ca87532bef7",
          "title": "Test de l'api tastedive",
          "fullFile": "",
          "file": "",
          "beforeHooks": [],
          "afterHooks": [],
          "tests": [
            {
              "title": "Calls the API TasteDive",
              "fullTitle": "Test de l'api tastedive Calls the API TasteDive",
              "timedOut": null,
              "duration": 2717,
              "state": "passed",
              "speed": "fast",
              "pass": true,
              "fail": false,
              "pending": false,
              "context": null,
              "code": "cy.TasteDive(query).as('response');\ncy.get('@response').should(response => {\n  const resp = response.body.Similar;\n  let info = resp.Info[0];\n  let results = resp.Results;\n  expect(info.Name.toLowerCase()).to.eql(query.name);\n  expect(info.Type).to.eql(query.type);\n  for (let i = 0; i < results.length; i++) {\n    expect(results[i].Type).to.eql(query.type);\n  }\n});",
              "err": {},
              "uuid": "5fac6440-502b-4b17-9612-8157cf15d2bf",
              "parentUUID": "aa03f1cb-efcc-4671-ac04-4ca87532bef7",
              "isHook": false,
              "skipped": false
            }
          ],
          "suites": [],
          "passes": [
            "5fac6440-502b-4b17-9612-8157cf15d2bf"
          ],
          "failures": [],
          "pending": [],
          "skipped": [],
          "duration": 2717,
          "root": false,
          "rootEmpty": false,
          "_timeout": 2000
        }
      ],
      "passes": [],
      "failures": [],
      "pending": [],
      "skipped": [],
      "duration": 0,
      "root": true,
      "rootEmpty": true,
      "_timeout": 2000
    }
  ],
  "meta": {
    "mocha": {
      "version": "7.0.1"
    },
    "mochawesome": {
      "options": {
        "quiet": false,
        "reportFilename": "mochawesome",
        "saveHtml": false,
        "saveJson": true,
        "consoleReporter": "spec",
        "useInlineDiffs": false,
        "code": true
      },
      "version": "7.1.3"
    },
    "marge": {
      "options": {
        "reportDir": "cypress/results",
        "overwrite": false,
        "html": false,
        "json": true
      },
      "version": "6.2.0"
    }
  }
}